2015-11-10 15:26:56 10fc InnoDB: Warning: Using innodb_additional_mem_pool_size is DEPRECATED. This option may be removed in future releases, together with the option innodb_use_sys_malloc and with the InnoDB's internal memory allocator.
2015-11-10 15:26:56 4348 [Note] InnoDB: Using mutexes to ref count buffer pool pages
2015-11-10 15:26:56 4348 [Note] InnoDB: The InnoDB memory heap is disabled
2015-11-10 15:26:56 4348 [Note] InnoDB: Mutexes and rw_locks use Windows interlocked functions
2015-11-10 15:26:56 4348 [Note] InnoDB: Memory barrier is not used
2015-11-10 15:26:56 4348 [Note] InnoDB: Compressed tables use zlib 1.2.3
2015-11-10 15:26:56 4348 [Note] InnoDB: Not using CPU crc32 instructions
2015-11-10 15:26:56 4348 [Note] InnoDB: Initializing buffer pool, size = 16.0M
2015-11-10 15:26:56 4348 [Note] InnoDB: Completed initialization of buffer pool
2015-11-10 15:26:56 4348 [Note] InnoDB: Highest supported file format is Barracuda.
2015-11-10 15:26:57 4348 [Note] InnoDB: 128 rollback segment(s) are active.
2015-11-10 15:26:57 4348 [Note] InnoDB: Waiting for purge to start
2015-11-10 15:26:57 4348 [Note] InnoDB:  Percona XtraDB (http://www.percona.com) 5.6.26-74.0 started; log sequence number 1835027
2015-11-10 15:26:57 6140 [Note] InnoDB: Dumping buffer pool(s) not yet started
2015-11-10 15:26:57 4348 [Note] Plugin 'FEEDBACK' is disabled.
2015-11-10 15:26:57 4348 [Note] Server socket created on IP: '::'.
2015-11-10 15:26:57 4348 [Note] Event Scheduler: Loaded 0 events
2015-11-10 15:26:57 4348 [Note] C:\xampp\mysql\bin\mysqld.exe: ready for connections.
Version: '10.1.8-MariaDB'  socket: ''  port: 3306  mariadb.org binary distribution
2015-11-10 15:27:11 5152 [Note] C:\xampp\mysql\bin\mysqld.exe: Normal shutdown

2015-11-10 15:27:11 5152 [Note] Event Scheduler: Purging the queue. 0 events
2015-11-10 15:27:11 5732 [Note] InnoDB: FTS optimize thread exiting.
2015-11-10 15:27:11 5152 [Note] InnoDB: Starting shutdown...
2015-11-10 15:27:13 5152 [Note] InnoDB: Shutdown completed; log sequence number 1835037
2015-11-10 15:27:13 5152 [Note] C:\xampp\mysql\bin\mysqld.exe: Shutdown complete

2019-05-20 21:46:56 2a88 InnoDB: Warning: Using innodb_additional_mem_pool_size is DEPRECATED. This option may be removed in future releases, together with the option innodb_use_sys_malloc and with the InnoDB's internal memory allocator.
2019-05-20 21:46:56 10888 [Note] InnoDB: innodb_empty_free_list_algorithm has been changed to legacy because of small buffer pool size. In order to use backoff, increase buffer pool at least up to 20MB.

2019-05-20 21:46:56 10888 [Note] InnoDB: Using mutexes to ref count buffer pool pages
2019-05-20 21:46:56 10888 [Note] InnoDB: The InnoDB memory heap is disabled
2019-05-20 21:46:56 10888 [Note] InnoDB: Mutexes and rw_locks use Windows interlocked functions
2019-05-20 21:46:56 10888 [Note] InnoDB: _mm_lfence() and _mm_sfence() are used for memory barrier
2019-05-20 21:46:56 10888 [Note] InnoDB: Compressed tables use zlib 1.2.11
2019-05-20 21:46:56 10888 [Note] InnoDB: Using generic crc32 instructions
2019-05-20 21:46:56 10888 [Note] InnoDB: Initializing buffer pool, size = 16.0M
2019-05-20 21:46:56 10888 [Note] InnoDB: Completed initialization of buffer pool
2019-05-20 21:46:56 10888 [Note] InnoDB: Highest supported file format is Barracuda.
2019-05-20 21:46:57 10888 [Note] InnoDB: 128 rollback segment(s) are active.
2019-05-20 21:46:57 10888 [Note] InnoDB: Waiting for purge to start
2019-05-20 21:46:57 10888 [Note] InnoDB:  Percona XtraDB (http://www.percona.com) 5.6.43-84.3 started; log sequence number 1835037
2019-05-20 21:46:57 11668 [Note] InnoDB: Dumping buffer pool(s) not yet started
2019-05-20 21:46:57 10888 [Note] Plugin 'FEEDBACK' is disabled.
2019-05-20 21:46:57 10888 [Note] Server socket created on IP: '::'.
2019-05-20 21:46:57 10888 [Note] c:\xampp\mysql\bin\mysqld.exe: ready for connections.
Version: '10.1.40-MariaDB'  socket: ''  port: 3306  mariadb.org binary distribution
2019-05-20 22:00:37 a54 InnoDB: Warning: Using innodb_additional_mem_pool_size is DEPRECATED. This option may be removed in future releases, together with the option innodb_use_sys_malloc and with the InnoDB's internal memory allocator.
2019-05-20 22:00:37 2644 [Note] InnoDB: innodb_empty_free_list_algorithm has been changed to legacy because of small buffer pool size. In order to use backoff, increase buffer pool at least up to 20MB.

2019-05-20 22:00:37 2644 [Note] InnoDB: Using mutexes to ref count buffer pool pages
2019-05-20 22:00:37 2644 [Note] InnoDB: The InnoDB memory heap is disabled
2019-05-20 22:00:37 2644 [Note] InnoDB: Mutexes and rw_locks use Windows interlocked functions
2019-05-20 22:00:37 2644 [Note] InnoDB: _mm_lfence() and _mm_sfence() are used for memory barrier
2019-05-20 22:00:37 2644 [Note] InnoDB: Compressed tables use zlib 1.2.11
2019-05-20 22:00:37 2644 [Note] InnoDB: Using generic crc32 instructions
2019-05-20 22:00:38 a54  InnoDB: Error: unable to create temporary file; errno: 0
2019-05-20 22:00:38 2644 [ERROR] Plugin 'InnoDB' init function returned error.
2019-05-20 22:00:38 2644 [ERROR] Plugin 'InnoDB' registration as a STORAGE ENGINE failed.
2019-05-20 22:00:38 2644 [Note] Plugin 'FEEDBACK' is disabled.
2019-05-20 22:00:38 2644 [ERROR] Unknown/unsupported storage engine: InnoDB
2019-05-20 22:00:38 2644 [ERROR] Aborting

2019-05-20 22:00:43 1d6c InnoDB: Warning: Using innodb_additional_mem_pool_size is DEPRECATED. This option may be removed in future releases, together with the option innodb_use_sys_malloc and with the InnoDB's internal memory allocator.
2019-05-20 22:00:43 7532 [Note] InnoDB: innodb_empty_free_list_algorithm has been changed to legacy because of small buffer pool size. In order to use backoff, increase buffer pool at least up to 20MB.

2019-05-20 22:00:44 7532 [Note] InnoDB: Using mutexes to ref count buffer pool pages
2019-05-20 22:00:44 7532 [Note] InnoDB: The InnoDB memory heap is disabled
2019-05-20 22:00:44 7532 [Note] InnoDB: Mutexes and rw_locks use Windows interlocked functions
2019-05-20 22:00:44 7532 [Note] InnoDB: _mm_lfence() and _mm_sfence() are used for memory barrier
2019-05-20 22:00:44 7532 [Note] InnoDB: Compressed tables use zlib 1.2.11
2019-05-20 22:00:44 7532 [Note] InnoDB: Using generic crc32 instructions
2019-05-20 22:00:44 1d6c  InnoDB: Error: unable to create temporary file; errno: 0
2019-05-20 22:00:44 7532 [ERROR] Plugin 'InnoDB' init function returned error.
2019-05-20 22:00:44 7532 [ERROR] Plugin 'InnoDB' registration as a STORAGE ENGINE failed.
2019-05-20 22:00:44 7532 [Note] Plugin 'FEEDBACK' is disabled.
2019-05-20 22:00:44 7532 [ERROR] Unknown/unsupported storage engine: InnoDB
2019-05-20 22:00:44 7532 [ERROR] Aborting

2019-05-20 22:02:13 4004 InnoDB: Warning: Using innodb_additional_mem_pool_size is DEPRECATED. This option may be removed in future releases, together with the option innodb_use_sys_malloc and with the InnoDB's internal memory allocator.
2019-05-20 22:02:13 16388 [Note] InnoDB: innodb_empty_free_list_algorithm has been changed to legacy because of small buffer pool size. In order to use backoff, increase buffer pool at least up to 20MB.

2019-05-20 22:02:13 16388 [Note] InnoDB: Using mutexes to ref count buffer pool pages
2019-05-20 22:02:13 16388 [Note] InnoDB: The InnoDB memory heap is disabled
2019-05-20 22:02:13 16388 [Note] InnoDB: Mutexes and rw_locks use Windows interlocked functions
2019-05-20 22:02:13 16388 [Note] InnoDB: _mm_lfence() and _mm_sfence() are used for memory barrier
2019-05-20 22:02:13 16388 [Note] InnoDB: Compressed tables use zlib 1.2.11
2019-05-20 22:02:13 16388 [Note] InnoDB: Using generic crc32 instructions
2019-05-20 22:02:13 16388 [Note] InnoDB: Initializing buffer pool, size = 16.0M
2019-05-20 22:02:13 16388 [Note] InnoDB: Completed initialization of buffer pool
2019-05-20 22:02:13 16388 [Note] InnoDB: Highest supported file format is Barracuda.
2019-05-20 22:02:13 16388 [Note] InnoDB: The log sequence number 1835037 in ibdata file do not match the log sequence number 1835445 in the ib_logfiles!
2019-05-20 22:02:13 16388 [Note] InnoDB: Restoring possible half-written data pages from the doublewrite buffer...
2019-05-20 22:02:14 16388 [Note] InnoDB: 128 rollback segment(s) are active.
2019-05-20 22:02:14 16388 [Note] InnoDB: Waiting for purge to start
2019-05-20 22:02:14 16388 [Note] InnoDB:  Percona XtraDB (http://www.percona.com) 5.6.43-84.3 started; log sequence number 1835445
2019-05-20 22:02:14 17204 [Note] InnoDB: Dumping buffer pool(s) not yet started
2019-05-20 22:02:14 16388 [Note] Plugin 'FEEDBACK' is disabled.
2019-05-20 22:02:14 16388 [Note] Server socket created on IP: '::'.
2019-05-20 22:02:14 16388 [Note] c:\xampp\mysql\bin\mysqld.exe: ready for connections.
Version: '10.1.40-MariaDB'  socket: ''  port: 3306  mariadb.org binary distribution
2019-05-20 22:12:25 326c InnoDB: Warning: Using innodb_additional_mem_pool_size is DEPRECATED. This option may be removed in future releases, together with the option innodb_use_sys_malloc and with the InnoDB's internal memory allocator.
2019-05-20 22:12:25 12908 [Note] InnoDB: innodb_empty_free_list_algorithm has been changed to legacy because of small buffer pool size. In order to use backoff, increase buffer pool at least up to 20MB.

2019-05-20 22:12:25 12908 [Note] InnoDB: Using mutexes to ref count buffer pool pages
2019-05-20 22:12:25 12908 [Note] InnoDB: The InnoDB memory heap is disabled
2019-05-20 22:12:25 12908 [Note] InnoDB: Mutexes and rw_locks use Windows interlocked functions
2019-05-20 22:12:25 12908 [Note] InnoDB: _mm_lfence() and _mm_sfence() are used for memory barrier
2019-05-20 22:12:25 12908 [Note] InnoDB: Compressed tables use zlib 1.2.11
2019-05-20 22:12:25 12908 [Note] InnoDB: Using generic crc32 instructions
2019-05-20 22:12:25 12908 [Note] InnoDB: Initializing buffer pool, size = 16.0M
2019-05-20 22:12:25 12908 [Note] InnoDB: Completed initialization of buffer pool
2019-05-20 22:12:25 12908 [Note] InnoDB: Highest supported file format is Barracuda.
2019-05-20 22:12:25 12908 [Note] InnoDB: The log sequence number 1835037 in ibdata file do not match the log sequence number 1835455 in the ib_logfiles!
2019-05-20 22:12:25 12908 [Note] InnoDB: Restoring possible half-written data pages from the doublewrite buffer...
2019-05-20 22:12:25 12908 [Note] InnoDB: 128 rollback segment(s) are active.
2019-05-20 22:12:25 12908 [Note] InnoDB: Waiting for purge to start
2019-05-20 22:12:25 12908 [Note] InnoDB:  Percona XtraDB (http://www.percona.com) 5.6.43-84.3 started; log sequence number 1835455
2019-05-20 22:12:25 12048 [Note] InnoDB: Dumping buffer pool(s) not yet started
2019-05-20 22:12:25 12908 [Note] Plugin 'FEEDBACK' is disabled.
2019-05-20 22:12:25 12908 [Note] Server socket created on IP: '::'.
2019-05-20 22:12:26 12908 [Note] c:\xampp\mysql\bin\mysqld.exe: ready for connections.
Version: '10.1.40-MariaDB'  socket: ''  port: 3306  mariadb.org binary distribution
2019-05-20 22:19:15 12240 [ERROR] Incorrect definition of table mysql.column_stats: expected column 'min_value' at position 3 to have type varbinary(255), found type varchar(255).
2019-05-20 22:19:15 12240 [ERROR] Incorrect definition of table mysql.column_stats: expected column 'max_value' at position 4 to have type varbinary(255), found type varchar(255).
2019-05-20 22:19:15 12240 [ERROR] Incorrect definition of table mysql.column_stats: expected column 'min_value' at position 3 to have type varbinary(255), found type varchar(255).
2019-05-20 22:19:15 12240 [ERROR] Incorrect definition of table mysql.column_stats: expected column 'max_value' at position 4 to have type varbinary(255), found type varchar(255).
2019-05-20 22:19:15 12240 [ERROR] Incorrect definition of table mysql.column_stats: expected column 'min_value' at position 3 to have type varbinary(255), found type varchar(255).
2019-05-20 22:19:15 12240 [ERROR] Incorrect definition of table mysql.column_stats: expected column 'max_value' at position 4 to have type varbinary(255), found type varchar(255).
2019-05-20 22:19:15 12240 [ERROR] Incorrect definition of table mysql.column_stats: expected column 'min_value' at position 3 to have type varbinary(255), found type varchar(255).
2019-05-20 22:19:15 12240 [ERROR] Incorrect definition of table mysql.column_stats: expected column 'max_value' at position 4 to have type varbinary(255), found type varchar(255).
2019-05-20 22:19:15 12240 [ERROR] Incorrect definition of table mysql.column_stats: expected column 'min_value' at position 3 to have type varbinary(255), found type varchar(255).
2019-05-20 22:19:15 12240 [ERROR] Incorrect definition of table mysql.column_stats: expected column 'max_value' at position 4 to have type varbinary(255), found type varchar(255).
2019-05-20 22:19:15 12240 [ERROR] Incorrect definition of table mysql.column_stats: expected column 'min_value' at position 3 to have type varbinary(255), found type varchar(255).
2019-05-20 22:19:15 12240 [ERROR] Incorrect definition of table mysql.column_stats: expected column 'max_value' at position 4 to have type varbinary(255), found type varchar(255).
2019-05-20 22:19:15 12240 [ERROR] Incorrect definition of table mysql.column_stats: expected column 'min_value' at position 3 to have type varbinary(255), found type varchar(255).
2019-05-20 22:19:15 12240 [ERROR] Incorrect definition of table mysql.column_stats: expected column 'max_value' at position 4 to have type varbinary(255), found type varchar(255).
2019-05-20 22:19:15 12240 [ERROR] Incorrect definition of table mysql.column_stats: expected column 'min_value' at position 3 to have type varbinary(255), found type varchar(255).
2019-05-20 22:19:15 12240 [ERROR] Incorrect definition of table mysql.column_stats: expected column 'max_value' at position 4 to have type varbinary(255), found type varchar(255).
2019-05-20 22:19:15 12240 [ERROR] Incorrect definition of table mysql.column_stats: expected column 'min_value' at position 3 to have type varbinary(255), found type varchar(255).
2019-05-20 22:19:15 12240 [ERROR] Incorrect definition of table mysql.column_stats: expected column 'max_value' at position 4 to have type varbinary(255), found type varchar(255).
2019-05-20 22:19:15 12240 [ERROR] Incorrect definition of table mysql.column_stats: expected column 'min_value' at position 3 to have type varbinary(255), found type varchar(255).
2019-05-20 22:19:15 12240 [ERROR] Incorrect definition of table mysql.column_stats: expected column 'max_value' at position 4 to have type varbinary(255), found type varchar(255).
2019-05-20 22:19:15 12240 [ERROR] Incorrect definition of table mysql.column_stats: expected column 'min_value' at position 3 to have type varbinary(255), found type varchar(255).
2019-05-20 22:19:15 12240 [ERROR] Incorrect definition of table mysql.column_stats: expected column 'max_value' at position 4 to have type varbinary(255), found type varchar(255).
2019-05-20 22:19:15 12240 [ERROR] Incorrect definition of table mysql.column_stats: expected column 'min_value' at position 3 to have type varbinary(255), found type varchar(255).
2019-05-20 22:19:15 12240 [ERROR] Incorrect definition of table mysql.column_stats: expected column 'max_value' at position 4 to have type varbinary(255), found type varchar(255).
2019-05-20 22:19:15 12240 [ERROR] Incorrect definition of table mysql.column_stats: expected column 'min_value' at position 3 to have type varbinary(255), found type varchar(255).
2019-05-20 22:19:15 12240 [ERROR] Incorrect definition of table mysql.column_stats: expected column 'max_value' at position 4 to have type varbinary(255), found type varchar(255).
2019-05-20 22:29:44 12240 [ERROR] Incorrect definition of table mysql.column_stats: expected column 'min_value' at position 3 to have type varbinary(255), found type varchar(255).
2019-05-20 22:29:44 12240 [ERROR] Incorrect definition of table mysql.column_stats: expected column 'max_value' at position 4 to have type varbinary(255), found type varchar(255).
2019-05-20 22:29:44 12240 [ERROR] Incorrect definition of table mysql.column_stats: expected column 'min_value' at position 3 to have type varbinary(255), found type varchar(255).
2019-05-20 22:29:44 12240 [ERROR] Incorrect definition of table mysql.column_stats: expected column 'max_value' at position 4 to have type varbinary(255), found type varchar(255).
2019-05-20 22:29:44 12240 [ERROR] Incorrect definition of table mysql.column_stats: expected column 'min_value' at position 3 to have type varbinary(255), found type varchar(255).
2019-05-20 22:29:44 12240 [ERROR] Incorrect definition of table mysql.column_stats: expected column 'max_value' at position 4 to have type varbinary(255), found type varchar(255).
2019-05-20 22:29:44 12240 [ERROR] Incorrect definition of table mysql.column_stats: expected column 'min_value' at position 3 to have type varbinary(255), found type varchar(255).
2019-05-20 22:29:44 12240 [ERROR] Incorrect definition of table mysql.column_stats: expected column 'max_value' at position 4 to have type varbinary(255), found type varchar(255).
2019-05-20 22:29:44 12240 [ERROR] Incorrect definition of table mysql.column_stats: expected column 'min_value' at position 3 to have type varbinary(255), found type varchar(255).
2019-05-20 22:29:44 12240 [ERROR] Incorrect definition of table mysql.column_stats: expected column 'max_value' at position 4 to have type varbinary(255), found type varchar(255).
2019-05-20 22:29:44 12240 [ERROR] Incorrect definition of table mysql.column_stats: expected column 'min_value' at position 3 to have type varbinary(255), found type varchar(255).
2019-05-20 22:29:44 12240 [ERROR] Incorrect definition of table mysql.column_stats: expected column 'max_value' at position 4 to have type varbinary(255), found type varchar(255).
2019-05-20 22:29:44 12240 [ERROR] Incorrect definition of table mysql.column_stats: expected column 'min_value' at position 3 to have type varbinary(255), found type varchar(255).
2019-05-20 22:29:44 12240 [ERROR] Incorrect definition of table mysql.column_stats: expected column 'max_value' at position 4 to have type varbinary(255), found type varchar(255).
2019-05-20 22:30:04 8344 [ERROR] Incorrect definition of table mysql.column_stats: expected column 'min_value' at position 3 to have type varbinary(255), found type varchar(255).
2019-05-20 22:30:04 8344 [ERROR] Incorrect definition of table mysql.column_stats: expected column 'max_value' at position 4 to have type varbinary(255), found type varchar(255).
2019-05-20 22:30:04 8344 [ERROR] Incorrect definition of table mysql.column_stats: expected column 'min_value' at position 3 to have type varbinary(255), found type varchar(255).
2019-05-20 22:30:04 8344 [ERROR] Incorrect definition of table mysql.column_stats: expected column 'max_value' at position 4 to have type varbinary(255), found type varchar(255).
2019-05-20 22:30:04 8344 [ERROR] Incorrect definition of table mysql.column_stats: expected column 'min_value' at position 3 to have type varbinary(255), found type varchar(255).
2019-05-20 22:30:04 8344 [ERROR] Incorrect definition of table mysql.column_stats: expected column 'max_value' at position 4 to have type varbinary(255), found type varchar(255).
2019-05-20 22:30:04 8344 [ERROR] Incorrect definition of table mysql.column_stats: expected column 'min_value' at position 3 to have type varbinary(255), found type varchar(255).
2019-05-20 22:30:04 8344 [ERROR] Incorrect definition of table mysql.column_stats: expected column 'max_value' at position 4 to have type varbinary(255), found type varchar(255).
2019-05-20 22:30:04 8344 [ERROR] Incorrect definition of table mysql.column_stats: expected column 'min_value' at position 3 to have type varbinary(255), found type varchar(255).
2019-05-20 22:30:04 8344 [ERROR] Incorrect definition of table mysql.column_stats: expected column 'max_value' at position 4 to have type varbinary(255), found type varchar(255).
2019-05-20 22:30:04 8344 [ERROR] Incorrect definition of table mysql.column_stats: expected column 'min_value' at position 3 to have type varbinary(255), found type varchar(255).
2019-05-20 22:30:04 8344 [ERROR] Incorrect definition of table mysql.column_stats: expected column 'max_value' at position 4 to have type varbinary(255), found type varchar(255).
2019-05-20 22:30:04 8344 [ERROR] Incorrect definition of table mysql.column_stats: expected column 'min_value' at position 3 to have type varbinary(255), found type varchar(255).
2019-05-20 22:30:04 8344 [ERROR] Incorrect definition of table mysql.column_stats: expected column 'max_value' at position 4 to have type varbinary(255), found type varchar(255).
2019-05-20 22:30:04 8344 [ERROR] Incorrect definition of table mysql.column_stats: expected column 'min_value' at position 3 to have type varbinary(255), found type varchar(255).
2019-05-20 22:30:04 8344 [ERROR] Incorrect definition of table mysql.column_stats: expected column 'max_value' at position 4 to have type varbinary(255), found type varchar(255).
2019-05-20 22:30:04 8344 [ERROR] Incorrect definition of table mysql.column_stats: expected column 'min_value' at position 3 to have type varbinary(255), found type varchar(255).
2019-05-20 22:30:04 8344 [ERROR] Incorrect definition of table mysql.column_stats: expected column 'max_value' at position 4 to have type varbinary(255), found type varchar(255).
2019-05-20 22:30:04 8344 [ERROR] Incorrect definition of table mysql.column_stats: expected column 'min_value' at position 3 to have type varbinary(255), found type varchar(255).
2019-05-20 22:30:04 8344 [ERROR] Incorrect definition of table mysql.column_stats: expected column 'max_value' at position 4 to have type varbinary(255), found type varchar(255).
2019-05-20 22:30:04 8344 [ERROR] Incorrect definition of table mysql.column_stats: expected column 'min_value' at position 3 to have type varbinary(255), found type varchar(255).
2019-05-20 22:30:04 8344 [ERROR] Incorrect definition of table mysql.column_stats: expected column 'max_value' at position 4 to have type varbinary(255), found type varchar(255).
2019-05-20 22:30:04 8344 [ERROR] Incorrect definition of table mysql.column_stats: expected column 'min_value' at position 3 to have type varbinary(255), found type varchar(255).
2019-05-20 22:30:04 8344 [ERROR] Incorrect definition of table mysql.column_stats: expected column 'max_value' at position 4 to have type varbinary(255), found type varchar(255).
2019-05-20 22:30:38 8344 [ERROR] Incorrect definition of table mysql.column_stats: expected column 'min_value' at position 3 to have type varbinary(255), found type varchar(255).
2019-05-20 22:30:38 8344 [ERROR] Incorrect definition of table mysql.column_stats: expected column 'max_value' at position 4 to have type varbinary(255), found type varchar(255).
2019-05-20 22:30:38 8344 [ERROR] Incorrect definition of table mysql.column_stats: expected column 'min_value' at position 3 to have type varbinary(255), found type varchar(255).
2019-05-20 22:30:38 8344 [ERROR] Incorrect definition of table mysql.column_stats: expected column 'max_value' at position 4 to have type varbinary(255), found type varchar(255).
2019-05-20 22:30:38 8344 [ERROR] Incorrect definition of table mysql.column_stats: expected column 'min_value' at position 3 to have type varbinary(255), found type varchar(255).
2019-05-20 22:30:38 8344 [ERROR] Incorrect definition of table mysql.column_stats: expected column 'max_value' at position 4 to have type varbinary(255), found type varchar(255).
2019-05-20 22:30:38 8344 [ERROR] Incorrect definition of table mysql.column_stats: expected column 'min_value' at position 3 to have type varbinary(255), found type varchar(255).
2019-05-20 22:30:38 8344 [ERROR] Incorrect definition of table mysql.column_stats: expected column 'max_value' at position 4 to have type varbinary(255), found type varchar(255).
2019-05-20 22:30:38 8344 [ERROR] Incorrect definition of table mysql.column_stats: expected column 'min_value' at position 3 to have type varbinary(255), found type varchar(255).
2019-05-20 22:30:38 8344 [ERROR] Incorrect definition of table mysql.column_stats: expected column 'max_value' at position 4 to have type varbinary(255), found type varchar(255).
2019-05-20 22:30:38 8344 [ERROR] Incorrect definition of table mysql.column_stats: expected column 'min_value' at position 3 to have type varbinary(255), found type varchar(255).
2019-05-20 22:30:38 8344 [ERROR] Incorrect definition of table mysql.column_stats: expected column 'max_value' at position 4 to have type varbinary(255), found type varchar(255).
2019-05-20 22:30:38 8344 [ERROR] Incorrect definition of table mysql.column_stats: expected column 'min_value' at position 3 to have type varbinary(255), found type varchar(255).
2019-05-20 22:30:38 8344 [ERROR] Incorrect definition of table mysql.column_stats: expected column 'max_value' at position 4 to have type varbinary(255), found type varchar(255).
2019-05-20 22:30:38 8344 [ERROR] Incorrect definition of table mysql.column_stats: expected column 'min_value' at position 3 to have type varbinary(255), found type varchar(255).
2019-05-20 22:30:38 8344 [ERROR] Incorrect definition of table mysql.column_stats: expected column 'max_value' at position 4 to have type varbinary(255), found type varchar(255).
2019-05-20 22:30:38 8344 [ERROR] Incorrect definition of table mysql.column_stats: expected column 'min_value' at position 3 to have type varbinary(255), found type varchar(255).
2019-05-20 22:30:38 8344 [ERROR] Incorrect definition of table mysql.column_stats: expected column 'max_value' at position 4 to have type varbinary(255), found type varchar(255).
2019-05-20 22:30:48 12240 [ERROR] Incorrect definition of table mysql.column_stats: expected column 'min_value' at position 3 to have type varbinary(255), found type varchar(255).
2019-05-20 22:30:48 12240 [ERROR] Incorrect definition of table mysql.column_stats: expected column 'max_value' at position 4 to have type varbinary(255), found type varchar(255).
2019-05-20 22:30:48 12240 [ERROR] Incorrect definition of table mysql.column_stats: expected column 'min_value' at position 3 to have type varbinary(255), found type varchar(255).
2019-05-20 22:30:49 12240 [ERROR] Incorrect definition of table mysql.column_stats: expected column 'max_value' at position 4 to have type varbinary(255), found type varchar(255).
2019-05-20 22:30:49 12240 [ERROR] Incorrect definition of table mysql.column_stats: expected column 'min_value' at position 3 to have type varbinary(255), found type varchar(255).
2019-05-20 22:30:49 12240 [ERROR] Incorrect definition of table mysql.column_stats: expected column 'max_value' at position 4 to have type varbinary(255), found type varchar(255).
2019-05-20 22:30:49 12240 [ERROR] Incorrect definition of table mysql.column_stats: expected column 'min_value' at position 3 to have type varbinary(255), found type varchar(255).
2019-05-20 22:30:49 12240 [ERROR] Incorrect definition of table mysql.column_stats: expected column 'max_value' at position 4 to have type varbinary(255), found type varchar(255).
2019-05-20 22:30:49 12240 [ERROR] Incorrect definition of table mysql.column_stats: expected column 'min_value' at position 3 to have type varbinary(255), found type varchar(255).
2019-05-20 22:30:49 12240 [ERROR] Incorrect definition of table mysql.column_stats: expected column 'max_value' at position 4 to have type varbinary(255), found type varchar(255).
2019-05-20 22:30:49 12240 [ERROR] Incorrect definition of table mysql.column_stats: expected column 'min_value' at position 3 to have type varbinary(255), found type varchar(255).
2019-05-20 22:30:49 12240 [ERROR] Incorrect definition of table mysql.column_stats: expected column 'max_value' at position 4 to have type varbinary(255), found type varchar(255).
2019-05-20 22:30:49 12240 [ERROR] Incorrect definition of table mysql.column_stats: expected column 'min_value' at position 3 to have type varbinary(255), found type varchar(255).
2019-05-20 22:30:49 12240 [ERROR] Incorrect definition of table mysql.column_stats: expected column 'max_value' at position 4 to have type varbinary(255), found type varchar(255).
2019-05-20 22:30:49 12240 [ERROR] Incorrect definition of table mysql.column_stats: expected column 'min_value' at position 3 to have type varbinary(255), found type varchar(255).
2019-05-20 22:30:49 12240 [ERROR] Incorrect definition of table mysql.column_stats: expected column 'max_value' at position 4 to have type varbinary(255), found type varchar(255).
2019-05-20 22:30:49 12240 [ERROR] Incorrect definition of table mysql.column_stats: expected column 'min_value' at position 3 to have type varbinary(255), found type varchar(255).
2019-05-20 22:30:49 12240 [ERROR] Incorrect definition of table mysql.column_stats: expected column 'max_value' at position 4 to have type varbinary(255), found type varchar(255).
2019-05-20 22:30:49 12240 [ERROR] Incorrect definition of table mysql.column_stats: expected column 'min_value' at position 3 to have type varbinary(255), found type varchar(255).
2019-05-20 22:30:49 12240 [ERROR] Incorrect definition of table mysql.column_stats: expected column 'max_value' at position 4 to have type varbinary(255), found type varchar(255).
2019-05-20 22:30:49 12240 [ERROR] Incorrect definition of table mysql.column_stats: expected column 'min_value' at position 3 to have type varbinary(255), found type varchar(255).
2019-05-20 22:30:49 12240 [ERROR] Incorrect definition of table mysql.column_stats: expected column 'max_value' at position 4 to have type varbinary(255), found type varchar(255).
2019-05-20 22:30:49 12240 [ERROR] Incorrect definition of table mysql.column_stats: expected column 'min_value' at position 3 to have type varbinary(255), found type varchar(255).
2019-05-20 22:30:49 12240 [ERROR] Incorrect definition of table mysql.column_stats: expected column 'max_value' at position 4 to have type varbinary(255), found type varchar(255).
2019-05-20 22:39:17 12240 [ERROR] Incorrect definition of table mysql.column_stats: expected column 'min_value' at position 3 to have type varbinary(255), found type varchar(255).
2019-05-20 22:39:17 12240 [ERROR] Incorrect definition of table mysql.column_stats: expected column 'max_value' at position 4 to have type varbinary(255), found type varchar(255).
2019-05-20 22:39:17 12240 [ERROR] Incorrect definition of table mysql.column_stats: expected column 'min_value' at position 3 to have type varbinary(255), found type varchar(255).
2019-05-20 22:39:17 12240 [ERROR] Incorrect definition of table mysql.column_stats: expected column 'max_value' at position 4 to have type varbinary(255), found type varchar(255).
2019-05-20 22:39:17 12240 [ERROR] Incorrect definition of table mysql.column_stats: expected column 'min_value' at position 3 to have type varbinary(255), found type varchar(255).
2019-05-20 22:39:17 12240 [ERROR] Incorrect definition of table mysql.column_stats: expected column 'max_value' at position 4 to have type varbinary(255), found type varchar(255).
2019-05-20 22:39:17 12240 [ERROR] Incorrect definition of table mysql.column_stats: expected column 'min_value' at position 3 to have type varbinary(255), found type varchar(255).
2019-05-20 22:39:17 12240 [ERROR] Incorrect definition of table mysql.column_stats: expected column 'max_value' at position 4 to have type varbinary(255), found type varchar(255).
2019-05-20 22:39:17 12240 [ERROR] Incorrect definition of table mysql.column_stats: expected column 'min_value' at position 3 to have type varbinary(255), found type varchar(255).
2019-05-20 22:39:17 12240 [ERROR] Incorrect definition of table mysql.column_stats: expected column 'max_value' at position 4 to have type varbinary(255), found type varchar(255).
2019-05-20 22:39:17 12240 [ERROR] Incorrect definition of table mysql.column_stats: expected column 'min_value' at position 3 to have type varbinary(255), found type varchar(255).
2019-05-20 22:39:17 12240 [ERROR] Incorrect definition of table mysql.column_stats: expected column 'max_value' at position 4 to have type varbinary(255), found type varchar(255).
2019-05-20 22:39:17 12240 [ERROR] Incorrect definition of table mysql.column_stats: expected column 'min_value' at position 3 to have type varbinary(255), found type varchar(255).
2019-05-20 22:39:17 12240 [ERROR] Incorrect definition of table mysql.column_stats: expected column 'max_value' at position 4 to have type varbinary(255), found type varchar(255).
2019-05-20 22:39:17 12240 [ERROR] Incorrect definition of table mysql.column_stats: expected column 'min_value' at position 3 to have type varbinary(255), found type varchar(255).
2019-05-20 22:39:17 12240 [ERROR] Incorrect definition of table mysql.column_stats: expected column 'max_value' at position 4 to have type varbinary(255), found type varchar(255).
2019-05-20 22:39:17 12240 [ERROR] Incorrect definition of table mysql.column_stats: expected column 'min_value' at position 3 to have type varbinary(255), found type varchar(255).
2019-05-20 22:39:17 12240 [ERROR] Incorrect definition of table mysql.column_stats: expected column 'max_value' at position 4 to have type varbinary(255), found type varchar(255).
2019-05-20 23:17:47 4596 [ERROR] Incorrect definition of table mysql.column_stats: expected column 'min_value' at position 3 to have type varbinary(255), found type varchar(255).
2019-05-20 23:17:47 4596 [ERROR] Incorrect definition of table mysql.column_stats: expected column 'max_value' at position 4 to have type varbinary(255), found type varchar(255).
2019-05-20 23:17:47 4596 [ERROR] Incorrect definition of table mysql.column_stats: expected column 'min_value' at position 3 to have type varbinary(255), found type varchar(255).
2019-05-20 23:17:47 4596 [ERROR] Incorrect definition of table mysql.column_stats: expected column 'max_value' at position 4 to have type varbinary(255), found type varchar(255).
2019-05-20 23:17:47 4596 [ERROR] Incorrect definition of table mysql.column_stats: expected column 'min_value' at position 3 to have type varbinary(255), found type varchar(255).
2019-05-20 23:17:47 4596 [ERROR] Incorrect definition of table mysql.column_stats: expected column 'max_value' at position 4 to have type varbinary(255), found type varchar(255).
2019-05-20 23:17:47 4596 [ERROR] Incorrect definition of table mysql.column_stats: expected column 'min_value' at position 3 to have type varbinary(255), found type varchar(255).
2019-05-20 23:17:47 4596 [ERROR] Incorrect definition of table mysql.column_stats: expected column 'max_value' at position 4 to have type varbinary(255), found type varchar(255).
2019-05-20 23:17:47 4596 [ERROR] Incorrect definition of table mysql.column_stats: expected column 'min_value' at position 3 to have type varbinary(255), found type varchar(255).
2019-05-20 23:17:47 4596 [ERROR] Incorrect definition of table mysql.column_stats: expected column 'max_value' at position 4 to have type varbinary(255), found type varchar(255).
2019-05-20 23:17:47 4596 [ERROR] Incorrect definition of table mysql.column_stats: expected column 'min_value' at position 3 to have type varbinary(255), found type varchar(255).
2019-05-20 23:17:47 4596 [ERROR] Incorrect definition of table mysql.column_stats: expected column 'max_value' at position 4 to have type varbinary(255), found type varchar(255).
2019-05-20 23:17:47 4596 [ERROR] Incorrect definition of table mysql.column_stats: expected column 'min_value' at position 3 to have type varbinary(255), found type varchar(255).
2019-05-20 23:17:47 4596 [ERROR] Incorrect definition of table mysql.column_stats: expected column 'max_value' at position 4 to have type varbinary(255), found type varchar(255).
2019-05-20 23:17:47 4596 [ERROR] Incorrect definition of table mysql.column_stats: expected column 'min_value' at position 3 to have type varbinary(255), found type varchar(255).
2019-05-20 23:17:47 4596 [ERROR] Incorrect definition of table mysql.column_stats: expected column 'max_value' at position 4 to have type varbinary(255), found type varchar(255).
2019-05-20 23:17:47 4596 [ERROR] Incorrect definition of table mysql.column_stats: expected column 'min_value' at position 3 to have type varbinary(255), found type varchar(255).
2019-05-20 23:17:47 4596 [ERROR] Incorrect definition of table mysql.column_stats: expected column 'max_value' at position 4 to have type varbinary(255), found type varchar(255).
